2025-07-20 19:10:58,429 - main - INFO - Starting new application run, logging to dashboard_20250720_191058.log
2025-07-20 19:10:58,431 - main - INFO - Environment variables loaded
2025-07-20 19:10:58,432 - main - INFO - Attempting to establish database connection
2025-07-20 19:10:58,587 - main - INFO - Database connection established successfully
2025-07-20 19:10:58,597 - main - INFO - CORS middleware configured
2025-07-20 19:11:01,686 - main - INFO - Serving root endpoint (index.html)
2025-07-20 19:11:02,004 - main - INFO - Fetching available years
2025-07-20 19:11:02,168 - mysql.connector - INFO - package: mysql.connector.plugins
2025-07-20 19:11:02,169 - mysql.connector - INFO - plugin_name: caching_sha2_password
2025-07-20 19:11:02,169 - mysql.connector - INFO - AUTHENTICATION_PLUGIN_CLASS: MySQLCachingSHA2PasswordAuthPlugin
2025-07-20 19:11:02,204 - main - INFO - Retrieved 3 unique years
2025-07-20 19:11:02,207 - main - INFO - Fetching MA KPIs for year: all years
2025-07-20 19:11:02,227 - main - INFO - Starting dataframe cleaning process
2025-07-20 19:11:02,239 - main - INFO - Dataframe cleaning completed successfully
2025-07-20 19:11:02,242 - main - INFO - Successfully processed MA KPIs
2025-07-20 19:11:02,244 - main - INFO - Fetching CT KPIs for year: all years
2025-07-20 19:11:02,254 - main - INFO - Starting dataframe cleaning process
2025-07-20 19:11:02,261 - main - INFO - Dataframe cleaning completed successfully
2025-07-20 19:11:02,264 - main - INFO - Successfully processed CT KPIs
2025-07-20 19:11:02,267 - main - INFO - Fetching GMP KPIs for year: all years
2025-07-20 19:11:02,278 - main - INFO - Starting dataframe cleaning process
2025-07-20 19:11:02,285 - main - INFO - Dataframe cleaning completed successfully
2025-07-20 19:11:02,290 - main - INFO - Successfully processed GMP KPIs
2025-07-20 19:11:02,291 - main - INFO - Fetching available years
2025-07-20 19:11:02,308 - main - INFO - Retrieved 3 unique years
2025-07-20 19:11:12,989 - main - INFO - Exporting KPI data for years: 2024, processes: ma,ct,gmp
2025-07-20 19:11:13,081 - main - INFO - Successfully generated Excel file for selected years
2025-07-20 19:33:24,219 - main - INFO - Exporting KPI data for years: 2024, processes: ma,ct,gmp
2025-07-20 19:33:24,283 - main - INFO - Successfully generated Excel file for selected years
