2025-07-22 10:11:41,351 - main - INFO - Starting new application run, logging to dashboard_20250722_101141.log
2025-07-22 10:11:41,362 - main - INFO - Environment variables loaded
2025-07-22 10:11:41,362 - main - INFO - Attempting to establish database connection
2025-07-22 10:11:42,641 - main - INFO - Database connection established successfully
2025-07-22 10:11:42,700 - main - INFO - CORS middleware configured
2025-07-22 10:11:49,667 - main - INFO - Serving root endpoint (login page)
2025-07-22 10:11:55,050 - main - INFO - Fetching MA KPIs for year: all years
2025-07-22 10:11:55,233 - mysql.connector - INFO - package: mysql.connector.plugins
2025-07-22 10:11:55,233 - mysql.connector - INFO - plugin_name: caching_sha2_password
2025-07-22 10:11:55,233 - mysql.connector - INFO - AUTHENTICATION_PLUGIN_CLASS: MySQLCachingSHA2PasswordAuthPlugin
2025-07-22 10:11:55,268 - main - INFO - Starting dataframe cleaning process
2025-07-22 10:11:55,297 - main - INFO - Dataframe cleaning completed successfully
2025-07-22 10:11:55,314 - main - INFO - Successfully processed MA KPIs
2025-07-22 10:11:55,319 - main - INFO - Serving favicon.ico
2025-07-22 10:11:55,319 - main - WARNING - Favicon not found
2025-07-22 10:11:55,326 - main - INFO - Fetching CT KPIs for year: all years
2025-07-22 10:11:55,340 - main - INFO - Starting dataframe cleaning process
2025-07-22 10:11:55,347 - main - INFO - Dataframe cleaning completed successfully
2025-07-22 10:11:55,350 - main - INFO - Successfully processed CT KPIs
2025-07-22 10:11:55,359 - main - INFO - Fetching GMP KPIs for year: all years
2025-07-22 10:11:55,376 - main - INFO - Starting dataframe cleaning process
2025-07-22 10:11:55,383 - main - INFO - Dataframe cleaning completed successfully
2025-07-22 10:11:55,385 - main - INFO - Successfully processed GMP KPIs
2025-07-22 10:25:15,703 - main - INFO - Fetching MA KPIs for year: all years
2025-07-22 10:25:15,715 - main - INFO - Starting dataframe cleaning process
2025-07-22 10:25:15,720 - main - INFO - Dataframe cleaning completed successfully
2025-07-22 10:25:15,723 - main - INFO - Successfully processed MA KPIs
2025-07-22 10:25:15,735 - main - INFO - Fetching CT KPIs for year: all years
2025-07-22 10:25:15,746 - main - INFO - Starting dataframe cleaning process
2025-07-22 10:25:15,753 - main - INFO - Dataframe cleaning completed successfully
2025-07-22 10:25:15,755 - main - INFO - Successfully processed CT KPIs
2025-07-22 10:25:15,766 - main - INFO - Fetching GMP KPIs for year: all years
2025-07-22 10:25:15,777 - main - INFO - Starting dataframe cleaning process
2025-07-22 10:25:15,784 - main - INFO - Dataframe cleaning completed successfully
2025-07-22 10:25:15,790 - main - INFO - Successfully processed GMP KPIs
2025-07-22 10:27:07,327 - main - INFO - Serving root endpoint (login page)
2025-07-22 10:27:09,726 - main - INFO - Fetching MA KPIs for year: all years
2025-07-22 10:27:09,742 - main - INFO - Starting dataframe cleaning process
2025-07-22 10:27:09,749 - main - INFO - Dataframe cleaning completed successfully
2025-07-22 10:27:09,751 - main - INFO - Successfully processed MA KPIs
2025-07-22 10:27:09,763 - main - INFO - Fetching CT KPIs for year: all years
2025-07-22 10:27:09,775 - main - INFO - Starting dataframe cleaning process
2025-07-22 10:27:09,781 - main - INFO - Dataframe cleaning completed successfully
2025-07-22 10:27:09,785 - main - INFO - Successfully processed CT KPIs
2025-07-22 10:27:09,793 - main - INFO - Fetching GMP KPIs for year: all years
2025-07-22 10:27:09,807 - main - INFO - Starting dataframe cleaning process
2025-07-22 10:27:09,815 - main - INFO - Dataframe cleaning completed successfully
2025-07-22 10:27:09,820 - main - INFO - Successfully processed GMP KPIs
2025-07-22 10:35:45,336 - main - INFO - Serving root endpoint (login page)
2025-07-22 10:36:27,781 - main - INFO - Serving root endpoint (login page)
2025-07-22 10:38:07,113 - main - INFO - Serving root endpoint (login page)
2025-07-22 10:38:07,692 - main - INFO - Fetching MA KPIs for year: all years
2025-07-22 10:38:07,706 - main - INFO - Starting dataframe cleaning process
2025-07-22 10:38:07,713 - main - INFO - Dataframe cleaning completed successfully
2025-07-22 10:38:07,717 - main - INFO - Successfully processed MA KPIs
2025-07-22 10:38:07,727 - main - INFO - Fetching CT KPIs for year: all years
2025-07-22 10:38:07,742 - main - INFO - Starting dataframe cleaning process
2025-07-22 10:38:07,749 - main - INFO - Dataframe cleaning completed successfully
2025-07-22 10:38:07,752 - main - INFO - Successfully processed CT KPIs
2025-07-22 10:38:07,762 - main - INFO - Fetching GMP KPIs for year: all years
2025-07-22 10:38:07,774 - main - INFO - Starting dataframe cleaning process
2025-07-22 10:38:07,782 - main - INFO - Dataframe cleaning completed successfully
2025-07-22 10:38:07,784 - main - INFO - Successfully processed GMP KPIs
2025-07-22 10:41:08,909 - main - INFO - Serving root endpoint (login page)
2025-07-22 10:41:13,800 - main - INFO - Serving root endpoint (login page)
2025-07-22 10:42:32,614 - main - INFO - Serving root endpoint (login page)
2025-07-22 10:42:33,036 - main - INFO - Fetching MA KPIs for year: all years
2025-07-22 10:42:33,077 - main - INFO - Starting dataframe cleaning process
2025-07-22 10:42:33,086 - main - INFO - Dataframe cleaning completed successfully
2025-07-22 10:42:33,089 - main - INFO - Successfully processed MA KPIs
2025-07-22 10:42:33,100 - main - INFO - Fetching CT KPIs for year: all years
2025-07-22 10:42:33,115 - main - INFO - Starting dataframe cleaning process
2025-07-22 10:42:33,123 - main - INFO - Dataframe cleaning completed successfully
2025-07-22 10:42:33,126 - main - INFO - Successfully processed CT KPIs
2025-07-22 10:42:33,136 - main - INFO - Fetching GMP KPIs for year: all years
2025-07-22 10:42:33,153 - main - INFO - Starting dataframe cleaning process
2025-07-22 10:42:33,162 - main - INFO - Dataframe cleaning completed successfully
2025-07-22 10:42:33,165 - main - INFO - Successfully processed GMP KPIs
2025-07-22 10:42:42,159 - main - INFO - Serving root endpoint (login page)
2025-07-22 10:42:42,256 - main - INFO - Fetching MA KPIs for year: all years
2025-07-22 10:42:42,272 - main - INFO - Starting dataframe cleaning process
2025-07-22 10:42:42,282 - main - INFO - Dataframe cleaning completed successfully
2025-07-22 10:42:42,285 - main - INFO - Successfully processed MA KPIs
2025-07-22 10:42:42,294 - main - INFO - Fetching CT KPIs for year: all years
2025-07-22 10:42:42,307 - main - INFO - Starting dataframe cleaning process
2025-07-22 10:42:42,314 - main - INFO - Dataframe cleaning completed successfully
2025-07-22 10:42:42,318 - main - INFO - Successfully processed CT KPIs
2025-07-22 10:42:42,329 - main - INFO - Fetching GMP KPIs for year: all years
2025-07-22 10:42:42,339 - main - INFO - Starting dataframe cleaning process
2025-07-22 10:42:42,345 - main - INFO - Dataframe cleaning completed successfully
2025-07-22 10:42:42,348 - main - INFO - Successfully processed GMP KPIs
2025-07-22 10:44:09,660 - main - INFO - Serving root endpoint (login page)
2025-07-22 10:44:10,003 - main - INFO - Fetching MA KPIs for year: all years
2025-07-22 10:44:10,015 - main - INFO - Starting dataframe cleaning process
2025-07-22 10:44:10,021 - main - INFO - Dataframe cleaning completed successfully
2025-07-22 10:44:10,024 - main - INFO - Successfully processed MA KPIs
2025-07-22 10:44:10,032 - main - INFO - Fetching CT KPIs for year: all years
2025-07-22 10:44:10,043 - main - INFO - Starting dataframe cleaning process
2025-07-22 10:44:10,047 - main - INFO - Dataframe cleaning completed successfully
2025-07-22 10:44:10,049 - main - INFO - Successfully processed CT KPIs
2025-07-22 10:44:10,056 - main - INFO - Fetching GMP KPIs for year: all years
2025-07-22 10:44:10,065 - main - INFO - Starting dataframe cleaning process
2025-07-22 10:44:10,071 - main - INFO - Dataframe cleaning completed successfully
2025-07-22 10:44:10,074 - main - INFO - Successfully processed GMP KPIs
2025-07-22 10:47:57,369 - main - INFO - Serving root endpoint (login page)
2025-07-22 10:47:57,786 - main - INFO - Fetching MA KPIs for year: all years
2025-07-22 10:47:57,805 - main - INFO - Starting dataframe cleaning process
2025-07-22 10:47:57,812 - main - INFO - Dataframe cleaning completed successfully
2025-07-22 10:47:57,814 - main - INFO - Successfully processed MA KPIs
2025-07-22 10:47:57,820 - main - INFO - Fetching CT KPIs for year: all years
2025-07-22 10:47:57,830 - main - INFO - Starting dataframe cleaning process
2025-07-22 10:47:57,835 - main - INFO - Dataframe cleaning completed successfully
2025-07-22 10:47:57,837 - main - INFO - Successfully processed CT KPIs
2025-07-22 10:47:57,845 - main - INFO - Fetching GMP KPIs for year: all years
2025-07-22 10:47:57,854 - main - INFO - Starting dataframe cleaning process
2025-07-22 10:47:57,859 - main - INFO - Dataframe cleaning completed successfully
2025-07-22 10:47:57,861 - main - INFO - Successfully processed GMP KPIs
2025-07-22 10:51:04,536 - main - INFO - Serving root endpoint (login page)
2025-07-22 10:51:05,141 - main - INFO - Fetching MA KPIs for year: all years
2025-07-22 10:51:05,156 - main - INFO - Starting dataframe cleaning process
2025-07-22 10:51:05,163 - main - INFO - Dataframe cleaning completed successfully
2025-07-22 10:51:05,166 - main - INFO - Successfully processed MA KPIs
2025-07-22 10:51:05,176 - main - INFO - Fetching CT KPIs for year: all years
2025-07-22 10:51:05,189 - main - INFO - Starting dataframe cleaning process
2025-07-22 10:51:05,195 - main - INFO - Dataframe cleaning completed successfully
2025-07-22 10:51:05,198 - main - INFO - Successfully processed CT KPIs
2025-07-22 10:51:05,206 - main - INFO - Fetching GMP KPIs for year: all years
2025-07-22 10:51:05,217 - main - INFO - Starting dataframe cleaning process
2025-07-22 10:51:05,221 - main - INFO - Dataframe cleaning completed successfully
2025-07-22 10:51:05,225 - main - INFO - Successfully processed GMP KPIs
2025-07-22 10:57:32,457 - main - INFO - Serving root endpoint (login page)
2025-07-22 10:57:32,845 - main - INFO - Fetching MA KPIs for year: all years
2025-07-22 10:57:32,864 - main - INFO - Starting dataframe cleaning process
2025-07-22 10:57:32,871 - main - INFO - Dataframe cleaning completed successfully
2025-07-22 10:57:32,873 - main - INFO - Successfully processed MA KPIs
2025-07-22 10:57:32,882 - main - INFO - Fetching CT KPIs for year: all years
2025-07-22 10:57:32,892 - main - INFO - Starting dataframe cleaning process
2025-07-22 10:57:32,897 - main - INFO - Dataframe cleaning completed successfully
2025-07-22 10:57:32,899 - main - INFO - Successfully processed CT KPIs
2025-07-22 10:57:32,906 - main - INFO - Fetching GMP KPIs for year: all years
2025-07-22 10:57:32,917 - main - INFO - Starting dataframe cleaning process
2025-07-22 10:57:32,922 - main - INFO - Dataframe cleaning completed successfully
2025-07-22 10:57:32,924 - main - INFO - Successfully processed GMP KPIs
2025-07-22 11:01:25,535 - main - INFO - Serving root endpoint (login page)
2025-07-22 11:01:26,159 - main - INFO - Fetching MA KPIs for year: all years
2025-07-22 11:01:26,179 - main - INFO - Starting dataframe cleaning process
2025-07-22 11:01:26,186 - main - INFO - Dataframe cleaning completed successfully
2025-07-22 11:01:26,188 - main - INFO - Successfully processed MA KPIs
2025-07-22 11:01:26,197 - main - INFO - Fetching CT KPIs for year: all years
2025-07-22 11:01:26,206 - main - INFO - Starting dataframe cleaning process
2025-07-22 11:01:26,211 - main - INFO - Dataframe cleaning completed successfully
2025-07-22 11:01:26,213 - main - INFO - Successfully processed CT KPIs
2025-07-22 11:01:26,234 - main - INFO - Fetching GMP KPIs for year: all years
2025-07-22 11:01:26,245 - main - INFO - Starting dataframe cleaning process
2025-07-22 11:01:26,252 - main - INFO - Dataframe cleaning completed successfully
2025-07-22 11:01:26,255 - main - INFO - Successfully processed GMP KPIs
2025-07-22 11:05:11,265 - main - INFO - Serving root endpoint (login page)
2025-07-22 11:05:11,561 - main - INFO - Fetching MA KPIs for year: all years
2025-07-22 11:05:11,575 - main - INFO - Starting dataframe cleaning process
2025-07-22 11:05:11,581 - main - INFO - Dataframe cleaning completed successfully
2025-07-22 11:05:11,583 - main - INFO - Successfully processed MA KPIs
2025-07-22 11:05:11,595 - main - INFO - Fetching CT KPIs for year: all years
2025-07-22 11:05:11,606 - main - INFO - Starting dataframe cleaning process
2025-07-22 11:05:11,610 - main - INFO - Dataframe cleaning completed successfully
2025-07-22 11:05:11,612 - main - INFO - Successfully processed CT KPIs
2025-07-22 11:05:11,618 - main - INFO - Fetching GMP KPIs for year: all years
2025-07-22 11:05:11,629 - main - INFO - Starting dataframe cleaning process
2025-07-22 11:05:11,633 - main - INFO - Dataframe cleaning completed successfully
2025-07-22 11:05:11,635 - main - INFO - Successfully processed GMP KPIs
2025-07-22 11:15:54,677 - main - INFO - Serving root endpoint (login page)
2025-07-22 11:15:55,053 - main - INFO - Fetching MA KPIs for year: all years
2025-07-22 11:15:55,161 - main - INFO - Starting dataframe cleaning process
2025-07-22 11:15:55,168 - main - INFO - Dataframe cleaning completed successfully
2025-07-22 11:15:55,171 - main - INFO - Successfully processed MA KPIs
2025-07-22 11:15:55,179 - main - INFO - Fetching CT KPIs for year: all years
2025-07-22 11:15:55,190 - main - INFO - Starting dataframe cleaning process
2025-07-22 11:15:55,196 - main - INFO - Dataframe cleaning completed successfully
2025-07-22 11:15:55,197 - main - INFO - Successfully processed CT KPIs
2025-07-22 11:15:55,206 - main - INFO - Fetching GMP KPIs for year: all years
2025-07-22 11:15:55,218 - main - INFO - Starting dataframe cleaning process
2025-07-22 11:15:55,227 - main - INFO - Dataframe cleaning completed successfully
2025-07-22 11:15:55,230 - main - INFO - Successfully processed GMP KPIs
2025-07-22 11:16:01,885 - main - INFO - Serving root endpoint (login page)
2025-07-22 11:16:01,978 - main - INFO - Fetching MA KPIs for year: all years
2025-07-22 11:16:01,992 - main - INFO - Starting dataframe cleaning process
2025-07-22 11:16:01,998 - main - INFO - Dataframe cleaning completed successfully
2025-07-22 11:16:02,001 - main - INFO - Successfully processed MA KPIs
2025-07-22 11:16:02,010 - main - INFO - Fetching CT KPIs for year: all years
2025-07-22 11:16:02,023 - main - INFO - Starting dataframe cleaning process
2025-07-22 11:16:02,030 - main - INFO - Dataframe cleaning completed successfully
2025-07-22 11:16:02,034 - main - INFO - Successfully processed CT KPIs
2025-07-22 11:16:02,043 - main - INFO - Fetching GMP KPIs for year: all years
2025-07-22 11:16:02,053 - main - INFO - Starting dataframe cleaning process
2025-07-22 11:16:02,061 - main - INFO - Dataframe cleaning completed successfully
2025-07-22 11:16:02,064 - main - INFO - Successfully processed GMP KPIs
2025-07-22 11:22:16,097 - main - INFO - Fetching MA KPIs for year: all years
2025-07-22 11:22:16,115 - main - INFO - Starting dataframe cleaning process
2025-07-22 11:22:16,127 - main - INFO - Dataframe cleaning completed successfully
2025-07-22 11:22:16,133 - main - INFO - Successfully processed MA KPIs
2025-07-22 11:22:16,151 - main - INFO - Fetching CT KPIs for year: all years
2025-07-22 11:22:16,164 - main - INFO - Starting dataframe cleaning process
2025-07-22 11:22:16,173 - main - INFO - Dataframe cleaning completed successfully
2025-07-22 11:22:16,176 - main - INFO - Successfully processed CT KPIs
2025-07-22 11:22:16,190 - main - INFO - Fetching GMP KPIs for year: all years
2025-07-22 11:22:16,205 - main - INFO - Starting dataframe cleaning process
2025-07-22 11:22:16,214 - main - INFO - Dataframe cleaning completed successfully
2025-07-22 11:22:16,219 - main - INFO - Successfully processed GMP KPIs
2025-07-22 11:23:07,985 - main - INFO - Serving root endpoint (login page)
2025-07-22 11:23:08,671 - main - INFO - Fetching MA KPIs for year: all years
2025-07-22 11:23:08,683 - main - INFO - Starting dataframe cleaning process
2025-07-22 11:23:08,687 - main - INFO - Dataframe cleaning completed successfully
2025-07-22 11:23:08,690 - main - INFO - Successfully processed MA KPIs
2025-07-22 11:23:08,698 - main - INFO - Fetching CT KPIs for year: all years
2025-07-22 11:23:08,708 - main - INFO - Starting dataframe cleaning process
2025-07-22 11:23:08,712 - main - INFO - Dataframe cleaning completed successfully
2025-07-22 11:23:08,714 - main - INFO - Successfully processed CT KPIs
2025-07-22 11:23:08,720 - main - INFO - Fetching GMP KPIs for year: all years
2025-07-22 11:23:08,729 - main - INFO - Starting dataframe cleaning process
2025-07-22 11:23:08,733 - main - INFO - Dataframe cleaning completed successfully
2025-07-22 11:23:08,736 - main - INFO - Successfully processed GMP KPIs
2025-07-22 11:29:22,362 - main - INFO - Serving root endpoint (login page)
2025-07-22 11:30:02,809 - main - INFO - Serving root endpoint (login page)
2025-07-22 11:30:03,047 - main - INFO - Fetching MA KPIs for year: all years
2025-07-22 11:30:03,060 - main - INFO - Starting dataframe cleaning process
2025-07-22 11:30:03,066 - main - INFO - Dataframe cleaning completed successfully
2025-07-22 11:30:03,069 - main - INFO - Successfully processed MA KPIs
2025-07-22 11:30:03,077 - main - INFO - Fetching CT KPIs for year: all years
2025-07-22 11:30:03,092 - main - INFO - Starting dataframe cleaning process
2025-07-22 11:30:03,097 - main - INFO - Dataframe cleaning completed successfully
2025-07-22 11:30:03,099 - main - INFO - Successfully processed CT KPIs
2025-07-22 11:30:03,106 - main - INFO - Fetching GMP KPIs for year: all years
2025-07-22 11:30:03,117 - main - INFO - Starting dataframe cleaning process
2025-07-22 11:30:03,121 - main - INFO - Dataframe cleaning completed successfully
2025-07-22 11:30:03,123 - main - INFO - Successfully processed GMP KPIs
2025-07-22 11:30:35,256 - main - INFO - Fetching MA KPIs for year: all years
2025-07-22 11:30:35,265 - main - INFO - Starting dataframe cleaning process
2025-07-22 11:30:35,270 - main - INFO - Dataframe cleaning completed successfully
2025-07-22 11:30:35,271 - main - INFO - Successfully processed MA KPIs
2025-07-22 11:30:35,284 - main - INFO - Fetching CT KPIs for year: all years
2025-07-22 11:30:35,300 - main - INFO - Starting dataframe cleaning process
2025-07-22 11:30:35,307 - main - INFO - Dataframe cleaning completed successfully
2025-07-22 11:30:35,310 - main - INFO - Successfully processed CT KPIs
2025-07-22 11:30:35,319 - main - INFO - Fetching GMP KPIs for year: all years
2025-07-22 11:30:35,333 - main - INFO - Starting dataframe cleaning process
2025-07-22 11:30:35,341 - main - INFO - Dataframe cleaning completed successfully
2025-07-22 11:30:35,343 - main - INFO - Successfully processed GMP KPIs
2025-07-22 11:30:37,346 - main - INFO - Serving root endpoint (login page)
2025-07-22 11:30:37,993 - main - INFO - Fetching MA KPIs for year: all years
2025-07-22 11:30:38,008 - main - INFO - Starting dataframe cleaning process
2025-07-22 11:30:38,014 - main - INFO - Dataframe cleaning completed successfully
2025-07-22 11:30:38,016 - main - INFO - Successfully processed MA KPIs
2025-07-22 11:30:38,031 - main - INFO - Fetching CT KPIs for year: all years
2025-07-22 11:30:38,052 - main - INFO - Starting dataframe cleaning process
2025-07-22 11:30:38,061 - main - INFO - Dataframe cleaning completed successfully
2025-07-22 11:30:38,063 - main - INFO - Successfully processed CT KPIs
2025-07-22 11:30:38,072 - main - INFO - Fetching GMP KPIs for year: all years
2025-07-22 11:30:38,085 - main - INFO - Starting dataframe cleaning process
2025-07-22 11:30:38,093 - main - INFO - Dataframe cleaning completed successfully
2025-07-22 11:30:38,096 - main - INFO - Successfully processed GMP KPIs
2025-07-22 11:32:04,808 - main - INFO - Serving root endpoint (login page)
2025-07-22 11:32:05,894 - main - INFO - Fetching MA KPIs for year: all years
2025-07-22 11:32:05,907 - main - INFO - Starting dataframe cleaning process
2025-07-22 11:32:05,913 - main - INFO - Dataframe cleaning completed successfully
2025-07-22 11:32:05,915 - main - INFO - Successfully processed MA KPIs
2025-07-22 11:32:05,922 - main - INFO - Fetching CT KPIs for year: all years
2025-07-22 11:32:05,931 - main - INFO - Starting dataframe cleaning process
2025-07-22 11:32:05,936 - main - INFO - Dataframe cleaning completed successfully
2025-07-22 11:32:05,938 - main - INFO - Successfully processed CT KPIs
2025-07-22 11:32:05,945 - main - INFO - Fetching GMP KPIs for year: all years
2025-07-22 11:32:05,954 - main - INFO - Starting dataframe cleaning process
2025-07-22 11:32:05,960 - main - INFO - Dataframe cleaning completed successfully
2025-07-22 11:32:05,962 - main - INFO - Successfully processed GMP KPIs
2025-07-22 11:35:31,157 - main - INFO - Serving root endpoint (login page)
2025-07-22 11:35:31,798 - main - INFO - Fetching MA KPIs for year: all years
2025-07-22 11:35:31,814 - main - INFO - Starting dataframe cleaning process
2025-07-22 11:35:31,819 - main - INFO - Dataframe cleaning completed successfully
2025-07-22 11:35:31,821 - main - INFO - Successfully processed MA KPIs
2025-07-22 11:35:31,830 - main - INFO - Fetching CT KPIs for year: all years
2025-07-22 11:35:31,842 - main - INFO - Starting dataframe cleaning process
2025-07-22 11:35:31,849 - main - INFO - Dataframe cleaning completed successfully
2025-07-22 11:35:31,851 - main - INFO - Successfully processed CT KPIs
2025-07-22 11:35:31,864 - main - INFO - Fetching GMP KPIs for year: all years
2025-07-22 11:35:31,875 - main - INFO - Starting dataframe cleaning process
2025-07-22 11:35:31,882 - main - INFO - Dataframe cleaning completed successfully
2025-07-22 11:35:31,884 - main - INFO - Successfully processed GMP KPIs
2025-07-22 11:38:43,195 - main - INFO - Serving root endpoint (login page)
2025-07-22 11:38:43,626 - main - INFO - Fetching MA KPIs for year: all years
2025-07-22 11:38:43,640 - main - INFO - Starting dataframe cleaning process
2025-07-22 11:38:43,645 - main - INFO - Dataframe cleaning completed successfully
2025-07-22 11:38:43,647 - main - INFO - Successfully processed MA KPIs
2025-07-22 11:38:43,658 - main - INFO - Fetching CT KPIs for year: all years
2025-07-22 11:38:43,667 - main - INFO - Starting dataframe cleaning process
2025-07-22 11:38:43,672 - main - INFO - Dataframe cleaning completed successfully
2025-07-22 11:38:43,673 - main - INFO - Successfully processed CT KPIs
2025-07-22 11:38:43,679 - main - INFO - Fetching GMP KPIs for year: all years
2025-07-22 11:38:43,688 - main - INFO - Starting dataframe cleaning process
2025-07-22 11:38:43,693 - main - INFO - Dataframe cleaning completed successfully
2025-07-22 11:38:43,695 - main - INFO - Successfully processed GMP KPIs
2025-07-22 11:43:12,023 - main - INFO - Serving root endpoint (login page)
2025-07-22 11:43:12,408 - main - INFO - Fetching MA KPIs for year: all years
2025-07-22 11:43:12,421 - main - INFO - Starting dataframe cleaning process
2025-07-22 11:43:12,426 - main - INFO - Dataframe cleaning completed successfully
2025-07-22 11:43:12,429 - main - INFO - Successfully processed MA KPIs
2025-07-22 11:43:12,437 - main - INFO - Fetching CT KPIs for year: all years
2025-07-22 11:43:12,447 - main - INFO - Starting dataframe cleaning process
2025-07-22 11:43:12,451 - main - INFO - Dataframe cleaning completed successfully
2025-07-22 11:43:12,453 - main - INFO - Successfully processed CT KPIs
2025-07-22 11:43:12,461 - main - INFO - Fetching GMP KPIs for year: all years
2025-07-22 11:43:12,471 - main - INFO - Starting dataframe cleaning process
2025-07-22 11:43:12,476 - main - INFO - Dataframe cleaning completed successfully
2025-07-22 11:43:12,478 - main - INFO - Successfully processed GMP KPIs
2025-07-22 11:51:04,139 - main - INFO - Fetching MA KPIs for year: all years
2025-07-22 11:51:04,154 - main - INFO - Starting dataframe cleaning process
2025-07-22 11:51:04,160 - main - INFO - Dataframe cleaning completed successfully
2025-07-22 11:51:04,163 - main - INFO - Successfully processed MA KPIs
2025-07-22 11:51:04,175 - main - INFO - Fetching CT KPIs for year: all years
2025-07-22 11:51:04,186 - main - INFO - Starting dataframe cleaning process
2025-07-22 11:51:04,191 - main - INFO - Dataframe cleaning completed successfully
2025-07-22 11:51:04,193 - main - INFO - Successfully processed CT KPIs
2025-07-22 11:51:04,204 - main - INFO - Fetching GMP KPIs for year: all years
2025-07-22 11:51:04,217 - main - INFO - Starting dataframe cleaning process
2025-07-22 11:51:04,227 - main - INFO - Dataframe cleaning completed successfully
2025-07-22 11:51:04,229 - main - INFO - Successfully processed GMP KPIs
2025-07-22 11:52:26,631 - main - INFO - Serving root endpoint (login page)
2025-07-22 11:52:27,265 - main - INFO - Fetching MA KPIs for year: all years
2025-07-22 11:52:27,279 - main - INFO - Starting dataframe cleaning process
2025-07-22 11:52:27,284 - main - INFO - Dataframe cleaning completed successfully
2025-07-22 11:52:27,286 - main - INFO - Successfully processed MA KPIs
2025-07-22 11:52:27,293 - main - INFO - Fetching CT KPIs for year: all years
2025-07-22 11:52:27,302 - main - INFO - Starting dataframe cleaning process
2025-07-22 11:52:27,307 - main - INFO - Dataframe cleaning completed successfully
2025-07-22 11:52:27,309 - main - INFO - Successfully processed CT KPIs
2025-07-22 11:52:27,314 - main - INFO - Fetching GMP KPIs for year: all years
2025-07-22 11:52:27,324 - main - INFO - Starting dataframe cleaning process
2025-07-22 11:52:27,328 - main - INFO - Dataframe cleaning completed successfully
2025-07-22 11:52:27,330 - main - INFO - Successfully processed GMP KPIs
2025-07-22 11:54:36,786 - main - INFO - Serving root endpoint (login page)
2025-07-22 11:54:37,129 - main - INFO - Fetching MA KPIs for year: all years
2025-07-22 11:54:37,145 - main - INFO - Starting dataframe cleaning process
2025-07-22 11:54:37,153 - main - INFO - Dataframe cleaning completed successfully
2025-07-22 11:54:37,155 - main - INFO - Successfully processed MA KPIs
2025-07-22 11:54:37,167 - main - INFO - Fetching CT KPIs for year: all years
2025-07-22 11:54:37,176 - main - INFO - Starting dataframe cleaning process
2025-07-22 11:54:37,182 - main - INFO - Dataframe cleaning completed successfully
2025-07-22 11:54:37,185 - main - INFO - Successfully processed CT KPIs
2025-07-22 11:54:37,193 - main - INFO - Fetching GMP KPIs for year: all years
2025-07-22 11:54:37,202 - main - INFO - Starting dataframe cleaning process
2025-07-22 11:54:37,207 - main - INFO - Dataframe cleaning completed successfully
2025-07-22 11:54:37,210 - main - INFO - Successfully processed GMP KPIs
2025-07-22 12:16:54,524 - main - INFO - Serving root endpoint (login page)
2025-07-22 12:16:54,812 - main - INFO - Fetching MA KPIs for year: all years
2025-07-22 12:16:54,886 - main - INFO - Starting dataframe cleaning process
2025-07-22 12:16:54,890 - main - INFO - Dataframe cleaning completed successfully
2025-07-22 12:16:54,893 - main - INFO - Successfully processed MA KPIs
2025-07-22 12:16:54,900 - main - INFO - Fetching CT KPIs for year: all years
2025-07-22 12:16:54,909 - main - INFO - Starting dataframe cleaning process
2025-07-22 12:16:54,913 - main - INFO - Dataframe cleaning completed successfully
2025-07-22 12:16:54,915 - main - INFO - Successfully processed CT KPIs
2025-07-22 12:16:54,920 - main - INFO - Fetching GMP KPIs for year: all years
2025-07-22 12:16:54,929 - main - INFO - Starting dataframe cleaning process
2025-07-22 12:16:54,934 - main - INFO - Dataframe cleaning completed successfully
2025-07-22 12:16:54,936 - main - INFO - Successfully processed GMP KPIs
2025-07-22 12:17:00,229 - main - INFO - Serving root endpoint (login page)
2025-07-22 12:17:00,321 - main - INFO - Fetching MA KPIs for year: all years
2025-07-22 12:17:00,335 - main - INFO - Starting dataframe cleaning process
2025-07-22 12:17:00,340 - main - INFO - Dataframe cleaning completed successfully
2025-07-22 12:17:00,342 - main - INFO - Successfully processed MA KPIs
2025-07-22 12:17:00,351 - main - INFO - Fetching CT KPIs for year: all years
2025-07-22 12:17:00,362 - main - INFO - Starting dataframe cleaning process
2025-07-22 12:17:00,367 - main - INFO - Dataframe cleaning completed successfully
2025-07-22 12:17:00,369 - main - INFO - Successfully processed CT KPIs
2025-07-22 12:17:00,377 - main - INFO - Fetching GMP KPIs for year: all years
2025-07-22 12:17:00,386 - main - INFO - Starting dataframe cleaning process
2025-07-22 12:17:00,391 - main - INFO - Dataframe cleaning completed successfully
2025-07-22 12:17:00,394 - main - INFO - Successfully processed GMP KPIs
2025-07-22 12:17:35,144 - main - INFO - Serving root endpoint (login page)
2025-07-22 12:17:35,269 - main - INFO - Fetching MA KPIs for year: all years
2025-07-22 12:17:35,283 - main - INFO - Starting dataframe cleaning process
2025-07-22 12:17:35,288 - main - INFO - Dataframe cleaning completed successfully
2025-07-22 12:17:35,291 - main - INFO - Successfully processed MA KPIs
2025-07-22 12:17:35,301 - main - INFO - Fetching CT KPIs for year: all years
2025-07-22 12:17:35,310 - main - INFO - Starting dataframe cleaning process
2025-07-22 12:17:35,315 - main - INFO - Dataframe cleaning completed successfully
2025-07-22 12:17:35,316 - main - INFO - Successfully processed CT KPIs
2025-07-22 12:17:35,323 - main - INFO - Fetching GMP KPIs for year: all years
2025-07-22 12:17:35,333 - main - INFO - Starting dataframe cleaning process
2025-07-22 12:17:35,339 - main - INFO - Dataframe cleaning completed successfully
2025-07-22 12:17:35,342 - main - INFO - Successfully processed GMP KPIs
2025-07-22 12:20:49,037 - main - INFO - Serving root endpoint (login page)
2025-07-22 12:20:49,309 - main - INFO - Fetching MA KPIs for year: all years
2025-07-22 12:20:49,325 - main - INFO - Starting dataframe cleaning process
2025-07-22 12:20:49,332 - main - INFO - Dataframe cleaning completed successfully
2025-07-22 12:20:49,334 - main - INFO - Successfully processed MA KPIs
2025-07-22 12:20:49,341 - main - INFO - Fetching CT KPIs for year: all years
2025-07-22 12:20:49,351 - main - INFO - Starting dataframe cleaning process
2025-07-22 12:20:49,355 - main - INFO - Dataframe cleaning completed successfully
2025-07-22 12:20:49,357 - main - INFO - Successfully processed CT KPIs
2025-07-22 12:20:49,363 - main - INFO - Fetching GMP KPIs for year: all years
2025-07-22 12:20:49,372 - main - INFO - Starting dataframe cleaning process
2025-07-22 12:20:49,377 - main - INFO - Dataframe cleaning completed successfully
2025-07-22 12:20:49,379 - main - INFO - Successfully processed GMP KPIs
2025-07-22 12:21:13,996 - main - INFO - Serving root endpoint (login page)
2025-07-22 12:21:14,117 - main - INFO - Fetching MA KPIs for year: all years
2025-07-22 12:21:14,131 - main - INFO - Starting dataframe cleaning process
2025-07-22 12:21:14,137 - main - INFO - Dataframe cleaning completed successfully
2025-07-22 12:21:14,139 - main - INFO - Successfully processed MA KPIs
2025-07-22 12:21:14,147 - main - INFO - Fetching CT KPIs for year: all years
2025-07-22 12:21:14,157 - main - INFO - Starting dataframe cleaning process
2025-07-22 12:21:14,162 - main - INFO - Dataframe cleaning completed successfully
2025-07-22 12:21:14,165 - main - INFO - Successfully processed CT KPIs
2025-07-22 12:21:14,171 - main - INFO - Fetching GMP KPIs for year: all years
2025-07-22 12:21:14,181 - main - INFO - Starting dataframe cleaning process
2025-07-22 12:21:14,186 - main - INFO - Dataframe cleaning completed successfully
2025-07-22 12:21:14,188 - main - INFO - Successfully processed GMP KPIs
2025-07-22 12:21:51,689 - main - INFO - Serving root endpoint (login page)
2025-07-22 12:21:51,957 - main - INFO - Fetching MA KPIs for year: all years
2025-07-22 12:21:51,971 - main - INFO - Starting dataframe cleaning process
2025-07-22 12:21:51,976 - main - INFO - Dataframe cleaning completed successfully
2025-07-22 12:21:51,978 - main - INFO - Successfully processed MA KPIs
2025-07-22 12:21:51,992 - main - INFO - Fetching CT KPIs for year: all years
2025-07-22 12:21:52,004 - main - INFO - Starting dataframe cleaning process
2025-07-22 12:21:52,008 - main - INFO - Dataframe cleaning completed successfully
2025-07-22 12:21:52,010 - main - INFO - Successfully processed CT KPIs
2025-07-22 12:21:52,018 - main - INFO - Fetching GMP KPIs for year: all years
2025-07-22 12:21:52,027 - main - INFO - Starting dataframe cleaning process
2025-07-22 12:21:52,033 - main - INFO - Dataframe cleaning completed successfully
2025-07-22 12:21:52,035 - main - INFO - Successfully processed GMP KPIs
2025-07-22 12:21:55,693 - main - INFO - Fetching GMP KPIs for year: all years
2025-07-22 12:21:55,703 - main - INFO - Starting dataframe cleaning process
2025-07-22 12:21:55,708 - main - INFO - Dataframe cleaning completed successfully
2025-07-22 12:21:55,710 - main - INFO - Successfully processed GMP KPIs
2025-07-22 12:22:11,788 - main - INFO - Serving root endpoint (login page)
2025-07-22 12:22:11,931 - main - INFO - Fetching MA KPIs for year: all years
2025-07-22 12:22:11,945 - main - INFO - Starting dataframe cleaning process
2025-07-22 12:22:11,952 - main - INFO - Dataframe cleaning completed successfully
2025-07-22 12:22:11,954 - main - INFO - Successfully processed MA KPIs
2025-07-22 12:22:11,962 - main - INFO - Fetching CT KPIs for year: all years
2025-07-22 12:22:11,971 - main - INFO - Starting dataframe cleaning process
2025-07-22 12:22:11,975 - main - INFO - Dataframe cleaning completed successfully
2025-07-22 12:22:11,977 - main - INFO - Successfully processed CT KPIs
2025-07-22 12:22:11,983 - main - INFO - Fetching GMP KPIs for year: all years
2025-07-22 12:22:11,991 - main - INFO - Starting dataframe cleaning process
2025-07-22 12:22:11,997 - main - INFO - Dataframe cleaning completed successfully
2025-07-22 12:22:11,999 - main - INFO - Successfully processed GMP KPIs
2025-07-22 12:23:57,506 - main - INFO - Serving root endpoint (login page)
2025-07-22 12:23:57,792 - main - INFO - Fetching MA KPIs for year: all years
2025-07-22 12:23:57,812 - main - INFO - Starting dataframe cleaning process
2025-07-22 12:23:57,824 - main - INFO - Dataframe cleaning completed successfully
2025-07-22 12:23:57,828 - main - INFO - Successfully processed MA KPIs
2025-07-22 12:23:57,837 - main - INFO - Fetching CT KPIs for year: all years
2025-07-22 12:23:57,851 - main - INFO - Starting dataframe cleaning process
2025-07-22 12:23:57,856 - main - INFO - Dataframe cleaning completed successfully
2025-07-22 12:23:57,860 - main - INFO - Successfully processed CT KPIs
2025-07-22 12:23:57,868 - main - INFO - Fetching GMP KPIs for year: all years
2025-07-22 12:23:57,878 - main - INFO - Starting dataframe cleaning process
2025-07-22 12:23:57,884 - main - INFO - Dataframe cleaning completed successfully
2025-07-22 12:23:57,888 - main - INFO - Successfully processed GMP KPIs
2025-07-22 12:24:18,897 - main - INFO - Serving root endpoint (login page)
2025-07-22 12:24:18,984 - main - INFO - Fetching MA KPIs for year: all years
2025-07-22 12:24:18,995 - main - INFO - Starting dataframe cleaning process
2025-07-22 12:24:19,001 - main - INFO - Dataframe cleaning completed successfully
2025-07-22 12:24:19,003 - main - INFO - Successfully processed MA KPIs
2025-07-22 12:24:19,012 - main - INFO - Fetching CT KPIs for year: all years
2025-07-22 12:24:19,022 - main - INFO - Starting dataframe cleaning process
2025-07-22 12:24:19,026 - main - INFO - Dataframe cleaning completed successfully
2025-07-22 12:24:19,027 - main - INFO - Successfully processed CT KPIs
2025-07-22 12:24:19,033 - main - INFO - Fetching GMP KPIs for year: all years
2025-07-22 12:24:19,041 - main - INFO - Starting dataframe cleaning process
2025-07-22 12:24:19,046 - main - INFO - Dataframe cleaning completed successfully
2025-07-22 12:24:19,047 - main - INFO - Successfully processed GMP KPIs
2025-07-22 12:26:14,507 - main - INFO - Serving root endpoint (login page)
2025-07-22 12:26:15,073 - main - INFO - Fetching MA KPIs for year: all years
2025-07-22 12:26:15,088 - main - INFO - Starting dataframe cleaning process
2025-07-22 12:26:15,092 - main - INFO - Dataframe cleaning completed successfully
2025-07-22 12:26:15,095 - main - INFO - Successfully processed MA KPIs
2025-07-22 12:26:15,104 - main - INFO - Fetching CT KPIs for year: all years
2025-07-22 12:26:15,112 - main - INFO - Starting dataframe cleaning process
2025-07-22 12:26:15,118 - main - INFO - Dataframe cleaning completed successfully
2025-07-22 12:26:15,119 - main - INFO - Successfully processed CT KPIs
2025-07-22 12:26:15,126 - main - INFO - Fetching GMP KPIs for year: all years
2025-07-22 12:26:15,135 - main - INFO - Starting dataframe cleaning process
2025-07-22 12:26:15,140 - main - INFO - Dataframe cleaning completed successfully
2025-07-22 12:26:15,141 - main - INFO - Successfully processed GMP KPIs
2025-07-22 12:29:14,396 - main - INFO - Serving root endpoint (login page)
2025-07-22 12:29:14,800 - main - INFO - Fetching MA KPIs for year: all years
2025-07-22 12:29:14,813 - main - INFO - Starting dataframe cleaning process
2025-07-22 12:29:14,817 - main - INFO - Dataframe cleaning completed successfully
2025-07-22 12:29:14,819 - main - INFO - Successfully processed MA KPIs
2025-07-22 12:29:14,826 - main - INFO - Fetching CT KPIs for year: all years
2025-07-22 12:29:14,834 - main - INFO - Starting dataframe cleaning process
2025-07-22 12:29:14,840 - main - INFO - Dataframe cleaning completed successfully
2025-07-22 12:29:14,842 - main - INFO - Successfully processed CT KPIs
2025-07-22 12:29:14,848 - main - INFO - Fetching GMP KPIs for year: all years
2025-07-22 12:29:14,856 - main - INFO - Starting dataframe cleaning process
2025-07-22 12:29:14,860 - main - INFO - Dataframe cleaning completed successfully
2025-07-22 12:29:14,862 - main - INFO - Successfully processed GMP KPIs
2025-07-22 12:31:29,091 - main - INFO - Serving root endpoint (login page)
2025-07-22 12:31:29,641 - main - INFO - Fetching MA KPIs for year: all years
2025-07-22 12:31:29,653 - main - INFO - Starting dataframe cleaning process
2025-07-22 12:31:29,657 - main - INFO - Dataframe cleaning completed successfully
2025-07-22 12:31:29,659 - main - INFO - Successfully processed MA KPIs
2025-07-22 12:31:29,665 - main - INFO - Fetching CT KPIs for year: all years
2025-07-22 12:31:29,675 - main - INFO - Starting dataframe cleaning process
2025-07-22 12:31:29,678 - main - INFO - Dataframe cleaning completed successfully
2025-07-22 12:31:29,680 - main - INFO - Successfully processed CT KPIs
2025-07-22 12:31:29,685 - main - INFO - Fetching GMP KPIs for year: all years
2025-07-22 12:31:29,695 - main - INFO - Starting dataframe cleaning process
2025-07-22 12:31:29,699 - main - INFO - Dataframe cleaning completed successfully
2025-07-22 12:31:29,702 - main - INFO - Successfully processed GMP KPIs
